<?xml version="1.0" encoding="UTF-8"?>
<testsuite xmlns:xsi="http://www.w3.org/2001/XMLSchema-instance" xsi:noNamespaceSchemaLocation="https://maven.apache.org/surefire/maven-surefire-plugin/xsd/surefire-test-report.xsd" name="com.adel.test.AppTest" time="0.061" tests="3" errors="0" skipped="0" failures="0">
  <properties>
[...]
</properties>
  <testcase name="testAddition" classname="com.adel.test.AppTest" time="0.004"/>
  <testcase name="testString" classname="com.adel.test.AppTest" time="0"/>
  <testcase name="testNotNull" classname="com.adel.test.AppTest" time="0"/>
</testsuite>